[2023-02-16 15:59:32] 
[2023-02-16 15:59:32] 
[2023-02-16 15:59:32] *****************************************************************************************
[2023-02-16 15:59:32] ************************************** NEW REPORT ***************************************
[2023-02-16 15:59:32] *****************************************************************************************
[2023-02-16 15:59:32] 
[2023-02-16 15:59:32] 
[2023-02-16 15:59:32] Updating data for account [1001 - BANK-DISTRIBUTORS-CANADIAN - WW] for the following week ends: ['2023-01-02', '2023-01-03', '2023-01-04', '2023-01-05', '2023-01-06', '2023-01-09', '2023-01-10', '2023-01-11', '2023-01-12', '2023-01-13', '2023-01-16', '2023-01-17', '2023-01-18', '2023-01-19', '2023-01-20', '2023-01-23', '2023-01-24', '2023-01-25', '2023-01-26', '2023-01-27', '2023-01-30', '2023-01-31', '2023-02-01', '2023-02-02', '2023-02-03', '2023-02-06', '2023-02-07', '2023-02-08', '2023-02-09', '2023-02-10', '2023-02-13', '2023-02-14', '2023-02-15']
[2023-02-16 15:59:35] Updating data for account [1002 - BANK-DISTRIBUTORS-U.S. - WW] for the following week ends: ['2023-01-02', '2023-01-03', '2023-01-04', '2023-01-05', '2023-01-06', '2023-01-09', '2023-01-10', '2023-01-11', '2023-01-12', '2023-01-13', '2023-01-16', '2023-01-17', '2023-01-18', '2023-01-19', '2023-01-20', '2023-01-23', '2023-01-24', '2023-01-25', '2023-01-26', '2023-01-27', '2023-01-30', '2023-01-31', '2023-02-01', '2023-02-02', '2023-02-03', '2023-02-06', '2023-02-07', '2023-02-08', '2023-02-09', '2023-02-10', '2023-02-13', '2023-02-14', '2023-02-15']
[2023-02-16 15:59:35] Updating data for account [1003 - BANK DISTRIBUTORS-HARRIS U.S. - WW] for the following week ends: ['2023-01-02', '2023-01-03', '2023-01-04', '2023-01-05', '2023-01-06', '2023-01-09', '2023-01-10', '2023-01-11', '2023-01-12', '2023-01-13', '2023-01-16', '2023-01-17', '2023-01-18', '2023-01-19', '2023-01-20', '2023-01-23', '2023-01-24', '2023-01-25', '2023-01-26', '2023-01-27', '2023-01-30', '2023-01-31', '2023-02-01', '2023-02-02', '2023-02-03', '2023-02-06', '2023-02-07', '2023-02-08', '2023-02-09', '2023-02-10', '2023-02-13', '2023-02-14', '2023-02-15']
[2023-02-16 15:59:35] Updating data for account [1004.6 - BANK -DISTRIBUTORS-CANADIAN (ENDEAVOURS) - WW] for the following week ends: ['2023-01-02', '2023-01-03', '2023-01-04', '2023-01-05', '2023-01-06', '2023-01-09', '2023-01-10', '2023-01-11', '2023-01-12', '2023-01-13', '2023-01-16', '2023-01-17', '2023-01-18', '2023-01-19', '2023-01-20', '2023-01-23', '2023-01-24', '2023-01-25', '2023-01-26', '2023-01-27', '2023-01-30', '2023-01-31', '2023-02-01', '2023-02-02', '2023-02-03', '2023-02-06', '2023-02-07', '2023-02-08', '2023-02-09', '2023-02-10', '2023-02-13', '2023-02-14', '2023-02-15']
[2023-02-16 18:24:54] 
[2023-02-16 18:24:54] 
[2023-02-16 18:24:54] *****************************************************************************************
[2023-02-16 18:24:54] ************************************** NEW REPORT ***************************************
[2023-02-16 18:24:54] *****************************************************************************************
[2023-02-16 18:24:54] 
[2023-02-16 18:24:54] 
[2023-02-16 18:24:54] [{'account': '1001 - BANK-DISTRIBUTORS-CANADIAN - WW', 'account_name': 'BMO CAD - Bank of Montreal', 'account_number': '1001', 'account_currency': 'CAD', 'apply_bankers_acceptance': True}, {'account': '1002 - BANK-DISTRIBUTORS-U.S. - WW', 'account_name': 'BMO US', 'account_number': '1002', 'account_currency': 'USD', 'apply_bankers_acceptance': True}, {'account': '1003 - BANK DISTRIBUTORS-HARRIS U.S. - WW', 'account_name': 'Bank Distributors- Harris US', 'account_number': '1003', 'account_currency': 'USD'}, {'account': '1004.6 - BANK -DISTRIBUTORS-CANADIAN (ENDEAVOURS) - WW', 'account_name': 'Bank Endeavours', 'account_number': '1004.6', 'account_currency': 'CAD'}]
[2023-02-16 18:24:55] Updating data for account [1001 - BANK-DISTRIBUTORS-CANADIAN - WW] for the following week ends: ['2023-01-02', '2023-01-03', '2023-01-04', '2023-01-05', '2023-01-06', '2023-01-09', '2023-01-10', '2023-01-11', '2023-01-12', '2023-01-13', '2023-01-16', '2023-01-17', '2023-01-18', '2023-01-19', '2023-01-20', '2023-01-23', '2023-01-24', '2023-01-25', '2023-01-26', '2023-01-27', '2023-01-30', '2023-01-31', '2023-02-01', '2023-02-02', '2023-02-03', '2023-02-06', '2023-02-07', '2023-02-08', '2023-02-09', '2023-02-10', '2023-02-13', '2023-02-14', '2023-02-15']
[2023-02-16 18:24:55] [{'account': '1001 - BANK-DISTRIBUTORS-CANADIAN - WW', 'account_name': 'BMO CAD - Bank of Montreal', 'account_number': '1001', 'account_currency': 'CAD', 'apply_bankers_acceptance': True}, {'account': '1002 - BANK-DISTRIBUTORS-U.S. - WW', 'account_name': 'BMO US', 'account_number': '1002', 'account_currency': 'USD', 'apply_bankers_acceptance': True}, {'account': '1003 - BANK DISTRIBUTORS-HARRIS U.S. - WW', 'account_name': 'Bank Distributors- Harris US', 'account_number': '1003', 'account_currency': 'USD'}, {'account': '1004.6 - BANK -DISTRIBUTORS-CANADIAN (ENDEAVOURS) - WW', 'account_name': 'Bank Endeavours', 'account_number': '1004.6', 'account_currency': 'CAD'}]
[2023-02-16 18:26:03] 
[2023-02-16 18:26:03] 
[2023-02-16 18:26:03] *****************************************************************************************
[2023-02-16 18:26:03] ************************************** NEW REPORT ***************************************
[2023-02-16 18:26:03] *****************************************************************************************
[2023-02-16 18:26:03] 
[2023-02-16 18:26:03] 
[2023-02-16 18:26:03] [{'account': '1001 - BANK-DISTRIBUTORS-CANADIAN - WW', 'account_name': 'BMO CAD - Bank of Montreal', 'account_number': '1001', 'account_currency': 'CAD', 'apply_bankers_acceptance': True}, {'account': '1002 - BANK-DISTRIBUTORS-U.S. - WW', 'account_name': 'BMO US', 'account_number': '1002', 'account_currency': 'USD', 'apply_bankers_acceptance': True}, {'account': '1003 - BANK DISTRIBUTORS-HARRIS U.S. - WW', 'account_name': 'Bank Distributors- Harris US', 'account_number': '1003', 'account_currency': 'USD'}, {'account': '1004.6 - BANK -DISTRIBUTORS-CANADIAN (ENDEAVOURS) - WW', 'account_name': 'Bank Endeavours', 'account_number': '1004.6', 'account_currency': 'CAD'}]
[2023-02-16 18:26:04] Updating data for account [1001 - BANK-DISTRIBUTORS-CANADIAN - WW] for the following week ends: ['2023-01-02', '2023-01-03', '2023-01-04', '2023-01-05', '2023-01-06', '2023-01-09', '2023-01-10', '2023-01-11', '2023-01-12', '2023-01-13', '2023-01-16', '2023-01-17', '2023-01-18', '2023-01-19', '2023-01-20', '2023-01-23', '2023-01-24', '2023-01-25', '2023-01-26', '2023-01-27', '2023-01-30', '2023-01-31', '2023-02-01', '2023-02-02', '2023-02-03', '2023-02-06', '2023-02-07', '2023-02-08', '2023-02-09', '2023-02-10', '2023-02-13', '2023-02-14', '2023-02-15']
[2023-02-16 18:26:05] [{'account': '1001 - BANK-DISTRIBUTORS-CANADIAN - WW', 'account_name': 'BMO CAD - Bank of Montreal', 'account_number': '1001', 'account_currency': 'CAD', 'apply_bankers_acceptance': True}, {'account': '1002 - BANK-DISTRIBUTORS-U.S. - WW', 'account_name': 'BMO US', 'account_number': '1002', 'account_currency': 'USD', 'apply_bankers_acceptance': True}, {'account': '1003 - BANK DISTRIBUTORS-HARRIS U.S. - WW', 'account_name': 'Bank Distributors- Harris US', 'account_number': '1003', 'account_currency': 'USD'}, {'account': '1004.6 - BANK -DISTRIBUTORS-CANADIAN (ENDEAVOURS) - WW', 'account_name': 'Bank Endeavours', 'account_number': '1004.6', 'account_currency': 'CAD'}]
[2023-02-16 18:26:55] 
[2023-02-16 18:26:55] 
[2023-02-16 18:26:55] *****************************************************************************************
[2023-02-16 18:26:55] ************************************** NEW REPORT ***************************************
[2023-02-16 18:26:55] *****************************************************************************************
[2023-02-16 18:26:55] 
[2023-02-16 18:26:55] 
[2023-02-16 18:26:55] [{'account': '1001 - BANK-DISTRIBUTORS-CANADIAN - WW', 'account_name': 'BMO CAD - Bank of Montreal', 'account_number': '1001', 'account_currency': 'CAD', 'apply_bankers_acceptance': True}, {'account': '1002 - BANK-DISTRIBUTORS-U.S. - WW', 'account_name': 'BMO US', 'account_number': '1002', 'account_currency': 'USD', 'apply_bankers_acceptance': True}, {'account': '1003 - BANK DISTRIBUTORS-HARRIS U.S. - WW', 'account_name': 'Bank Distributors- Harris US', 'account_number': '1003', 'account_currency': 'USD'}, {'account': '1004.6 - BANK -DISTRIBUTORS-CANADIAN (ENDEAVOURS) - WW', 'account_name': 'Bank Endeavours', 'account_number': '1004.6', 'account_currency': 'CAD'}]
[2023-02-16 18:26:56] Updating data for account [1001 - BANK-DISTRIBUTORS-CANADIAN - WW] for the following week ends: ['2023-01-02', '2023-01-03', '2023-01-04', '2023-01-05', '2023-01-06', '2023-01-09', '2023-01-10', '2023-01-11', '2023-01-12', '2023-01-13', '2023-01-16', '2023-01-17', '2023-01-18', '2023-01-19', '2023-01-20', '2023-01-23', '2023-01-24', '2023-01-25', '2023-01-26', '2023-01-27', '2023-01-30', '2023-01-31', '2023-02-01', '2023-02-02', '2023-02-03', '2023-02-06', '2023-02-07', '2023-02-08', '2023-02-09', '2023-02-10', '2023-02-13', '2023-02-14', '2023-02-15']
[2023-02-16 18:26:57] [{'account': '1001 - BANK-DISTRIBUTORS-CANADIAN - WW', 'account_name': 'BMO CAD - Bank of Montreal', 'account_number': '1001', 'account_currency': 'CAD', 'apply_bankers_acceptance': True}, {'account': '1002 - BANK-DISTRIBUTORS-U.S. - WW', 'account_name': 'BMO US', 'account_number': '1002', 'account_currency': 'USD', 'apply_bankers_acceptance': True}, {'account': '1003 - BANK DISTRIBUTORS-HARRIS U.S. - WW', 'account_name': 'Bank Distributors- Harris US', 'account_number': '1003', 'account_currency': 'USD'}, {'account': '1004.6 - BANK -DISTRIBUTORS-CANADIAN (ENDEAVOURS) - WW', 'account_name': 'Bank Endeavours', 'account_number': '1004.6', 'account_currency': 'CAD'}]
[2023-02-16 18:27:41] 
[2023-02-16 18:27:41] 
[2023-02-16 18:27:41] *****************************************************************************************
[2023-02-16 18:27:41] ************************************** NEW REPORT ***************************************
[2023-02-16 18:27:41] *****************************************************************************************
[2023-02-16 18:27:41] 
[2023-02-16 18:27:41] 
[2023-02-16 18:27:41] [{'account': '1001 - BANK-DISTRIBUTORS-CANADIAN - WW', 'account_name': 'BMO CAD - Bank of Montreal', 'account_number': '1001', 'account_currency': 'CAD', 'apply_bankers_acceptance': True}, {'account': '1002 - BANK-DISTRIBUTORS-U.S. - WW', 'account_name': 'BMO US', 'account_number': '1002', 'account_currency': 'USD', 'apply_bankers_acceptance': True}, {'account': '1003 - BANK DISTRIBUTORS-HARRIS U.S. - WW', 'account_name': 'Bank Distributors- Harris US', 'account_number': '1003', 'account_currency': 'USD'}, {'account': '1004.6 - BANK -DISTRIBUTORS-CANADIAN (ENDEAVOURS) - WW', 'account_name': 'Bank Endeavours', 'account_number': '1004.6', 'account_currency': 'CAD'}]
[2023-02-16 18:27:41] Updating data for account [1001 - BANK-DISTRIBUTORS-CANADIAN - WW] for the following week ends: ['2023-01-02', '2023-01-03', '2023-01-04', '2023-01-05', '2023-01-06', '2023-01-09', '2023-01-10', '2023-01-11', '2023-01-12', '2023-01-13', '2023-01-16', '2023-01-17', '2023-01-18', '2023-01-19', '2023-01-20', '2023-01-23', '2023-01-24', '2023-01-25', '2023-01-26', '2023-01-27', '2023-01-30', '2023-01-31', '2023-02-01', '2023-02-02', '2023-02-03', '2023-02-06', '2023-02-07', '2023-02-08', '2023-02-09', '2023-02-10', '2023-02-13', '2023-02-14', '2023-02-15']
[2023-02-16 18:27:43] [{'account': '1001 - BANK-DISTRIBUTORS-CANADIAN - WW', 'account_name': 'BMO CAD - Bank of Montreal', 'account_number': '1001', 'account_currency': 'CAD', 'apply_bankers_acceptance': True}, {'account': '1002 - BANK-DISTRIBUTORS-U.S. - WW', 'account_name': 'BMO US', 'account_number': '1002', 'account_currency': 'USD', 'apply_bankers_acceptance': True}, {'account': '1003 - BANK DISTRIBUTORS-HARRIS U.S. - WW', 'account_name': 'Bank Distributors- Harris US', 'account_number': '1003', 'account_currency': 'USD'}, {'account': '1004.6 - BANK -DISTRIBUTORS-CANADIAN (ENDEAVOURS) - WW', 'account_name': 'Bank Endeavours', 'account_number': '1004.6', 'account_currency': 'CAD'}]
[2023-02-16 18:28:40] 
[2023-02-16 18:28:40] 
[2023-02-16 18:28:40] *****************************************************************************************
[2023-02-16 18:28:40] ************************************** NEW REPORT ***************************************
[2023-02-16 18:28:40] *****************************************************************************************
[2023-02-16 18:28:40] 
[2023-02-16 18:28:40] 
[2023-02-16 18:28:40] [{'account': '1001 - BANK-DISTRIBUTORS-CANADIAN - WW', 'account_name': 'BMO CAD - Bank of Montreal', 'account_number': '1001', 'account_currency': 'CAD', 'apply_bankers_acceptance': True}, {'account': '1002 - BANK-DISTRIBUTORS-U.S. - WW', 'account_name': 'BMO US', 'account_number': '1002', 'account_currency': 'USD', 'apply_bankers_acceptance': True}, {'account': '1003 - BANK DISTRIBUTORS-HARRIS U.S. - WW', 'account_name': 'Bank Distributors- Harris US', 'account_number': '1003', 'account_currency': 'USD'}, {'account': '1004.6 - BANK -DISTRIBUTORS-CANADIAN (ENDEAVOURS) - WW', 'account_name': 'Bank Endeavours', 'account_number': '1004.6', 'account_currency': 'CAD'}]
[2023-02-16 18:28:40] Updating data for account [1001 - BANK-DISTRIBUTORS-CANADIAN - WW] for the following week ends: ['2023-01-02', '2023-01-03', '2023-01-04', '2023-01-05', '2023-01-06', '2023-01-09', '2023-01-10', '2023-01-11', '2023-01-12', '2023-01-13', '2023-01-16', '2023-01-17', '2023-01-18', '2023-01-19', '2023-01-20', '2023-01-23', '2023-01-24', '2023-01-25', '2023-01-26', '2023-01-27', '2023-01-30', '2023-01-31', '2023-02-01', '2023-02-02', '2023-02-03', '2023-02-06', '2023-02-07', '2023-02-08', '2023-02-09', '2023-02-10', '2023-02-13', '2023-02-14', '2023-02-15']
[2023-02-16 18:28:41] [{'account': '1001 - BANK-DISTRIBUTORS-CANADIAN - WW', 'account_name': 'BMO CAD - Bank of Montreal', 'account_number': '1001', 'account_currency': 'CAD', 'apply_bankers_acceptance': True}, {'account': '1002 - BANK-DISTRIBUTORS-U.S. - WW', 'account_name': 'BMO US', 'account_number': '1002', 'account_currency': 'USD', 'apply_bankers_acceptance': True}, {'account': '1003 - BANK DISTRIBUTORS-HARRIS U.S. - WW', 'account_name': 'Bank Distributors- Harris US', 'account_number': '1003', 'account_currency': 'USD'}, {'account': '1004.6 - BANK -DISTRIBUTORS-CANADIAN (ENDEAVOURS) - WW', 'account_name': 'Bank Endeavours', 'account_number': '1004.6', 'account_currency': 'CAD'}]
[2023-02-16 18:36:38] 
[2023-02-16 18:36:38] 
[2023-02-16 18:36:38] *****************************************************************************************
[2023-02-16 18:36:38] ************************************** NEW REPORT ***************************************
[2023-02-16 18:36:38] *****************************************************************************************
[2023-02-16 18:36:38] 
[2023-02-16 18:36:38] 
[2023-02-16 18:36:38] [{'account': '1001 - BANK-DISTRIBUTORS-CANADIAN - WW', 'account_name': 'BMO CAD - Bank of Montreal', 'account_number': '1001', 'account_currency': 'CAD', 'apply_bankers_acceptance': True}, {'account': '1002 - BANK-DISTRIBUTORS-U.S. - WW', 'account_name': 'BMO US', 'account_number': '1002', 'account_currency': 'USD', 'apply_bankers_acceptance': True}, {'account': '1003 - BANK DISTRIBUTORS-HARRIS U.S. - WW', 'account_name': 'Bank Distributors- Harris US', 'account_number': '1003', 'account_currency': 'USD'}, {'account': '1004.6 - BANK -DISTRIBUTORS-CANADIAN (ENDEAVOURS) - WW', 'account_name': 'Bank Endeavours', 'account_number': '1004.6', 'account_currency': 'CAD'}]
[2023-02-16 18:36:39] [{'account': '1001 - BANK-DISTRIBUTORS-CANADIAN - WW', 'account_name': 'BMO CAD - Bank of Montreal', 'account_number': '1001', 'account_currency': 'CAD', 'apply_bankers_acceptance': True}, {'account': '1002 - BANK-DISTRIBUTORS-U.S. - WW', 'account_name': 'BMO US', 'account_number': '1002', 'account_currency': 'USD', 'apply_bankers_acceptance': True}, {'account': '1003 - BANK DISTRIBUTORS-HARRIS U.S. - WW', 'account_name': 'Bank Distributors- Harris US', 'account_number': '1003', 'account_currency': 'USD'}, {'account': '1004.6 - BANK -DISTRIBUTORS-CANADIAN (ENDEAVOURS) - WW', 'account_name': 'Bank Endeavours', 'account_number': '1004.6', 'account_currency': 'CAD'}]
[2023-02-16 18:36:39] Updating data for account [1001 - BANK-DISTRIBUTORS-CANADIAN - WW] for the following week ends: ['2023-01-02', '2023-01-03', '2023-01-04', '2023-01-05', '2023-01-06', '2023-01-09', '2023-01-10', '2023-01-11', '2023-01-12', '2023-01-13', '2023-01-16', '2023-01-17', '2023-01-18', '2023-01-19', '2023-01-20', '2023-01-23', '2023-01-24', '2023-01-25', '2023-01-26', '2023-01-27', '2023-01-30', '2023-01-31', '2023-02-01', '2023-02-02', '2023-02-03', '2023-02-06', '2023-02-07', '2023-02-08', '2023-02-09', '2023-02-10', '2023-02-13', '2023-02-14', '2023-02-15']
[2023-02-16 18:37:52] 
[2023-02-16 18:37:52] 
[2023-02-16 18:37:52] *****************************************************************************************
[2023-02-16 18:37:52] ************************************** NEW REPORT ***************************************
[2023-02-16 18:37:52] *****************************************************************************************
[2023-02-16 18:37:52] 
[2023-02-16 18:37:52] 
[2023-02-16 18:37:52] [{'account': '1001 - BANK-DISTRIBUTORS-CANADIAN - WW', 'account_name': 'BMO CAD - Bank of Montreal', 'account_number': '1001', 'account_currency': 'CAD', 'apply_bankers_acceptance': True}, {'account': '1002 - BANK-DISTRIBUTORS-U.S. - WW', 'account_name': 'BMO US', 'account_number': '1002', 'account_currency': 'USD', 'apply_bankers_acceptance': True}, {'account': '1003 - BANK DISTRIBUTORS-HARRIS U.S. - WW', 'account_name': 'Bank Distributors- Harris US', 'account_number': '1003', 'account_currency': 'USD'}, {'account': '1004.6 - BANK -DISTRIBUTORS-CANADIAN (ENDEAVOURS) - WW', 'account_name': 'Bank Endeavours', 'account_number': '1004.6', 'account_currency': 'CAD'}]
[2023-02-16 18:37:52] [{'account': '1001 - BANK-DISTRIBUTORS-CANADIAN - WW', 'account_name': 'BMO CAD - Bank of Montreal', 'account_number': '1001', 'account_currency': 'CAD', 'apply_bankers_acceptance': True}, {'account': '1002 - BANK-DISTRIBUTORS-U.S. - WW', 'account_name': 'BMO US', 'account_number': '1002', 'account_currency': 'USD', 'apply_bankers_acceptance': True}, {'account': '1003 - BANK DISTRIBUTORS-HARRIS U.S. - WW', 'account_name': 'Bank Distributors- Harris US', 'account_number': '1003', 'account_currency': 'USD'}, {'account': '1004.6 - BANK -DISTRIBUTORS-CANADIAN (ENDEAVOURS) - WW', 'account_name': 'Bank Endeavours', 'account_number': '1004.6', 'account_currency': 'CAD'}]
[2023-02-16 18:37:52] Updating data for account [1001 - BANK-DISTRIBUTORS-CANADIAN - WW] for the following week ends: ['2023-01-02', '2023-01-03', '2023-01-04', '2023-01-05', '2023-01-06', '2023-01-09', '2023-01-10', '2023-01-11', '2023-01-12', '2023-01-13', '2023-01-16', '2023-01-17', '2023-01-18', '2023-01-19', '2023-01-20', '2023-01-23', '2023-01-24', '2023-01-25', '2023-01-26', '2023-01-27', '2023-01-30', '2023-01-31', '2023-02-01', '2023-02-02', '2023-02-03', '2023-02-06', '2023-02-07', '2023-02-08', '2023-02-09', '2023-02-10', '2023-02-13', '2023-02-14', '2023-02-15']
[2023-02-16 18:38:58] 
[2023-02-16 18:38:58] 
[2023-02-16 18:38:58] *****************************************************************************************
[2023-02-16 18:38:58] ************************************** NEW REPORT ***************************************
[2023-02-16 18:38:58] *****************************************************************************************
[2023-02-16 18:38:58] 
[2023-02-16 18:38:58] 
[2023-02-16 18:38:58] [{'account': '1001 - BANK-DISTRIBUTORS-CANADIAN - WW', 'account_name': 'BMO CAD - Bank of Montreal', 'account_number': '1001', 'account_currency': 'CAD', 'apply_bankers_acceptance': True}, {'account': '1002 - BANK-DISTRIBUTORS-U.S. - WW', 'account_name': 'BMO US', 'account_number': '1002', 'account_currency': 'USD', 'apply_bankers_acceptance': True}, {'account': '1003 - BANK DISTRIBUTORS-HARRIS U.S. - WW', 'account_name': 'Bank Distributors- Harris US', 'account_number': '1003', 'account_currency': 'USD'}, {'account': '1004.6 - BANK -DISTRIBUTORS-CANADIAN (ENDEAVOURS) - WW', 'account_name': 'Bank Endeavours', 'account_number': '1004.6', 'account_currency': 'CAD'}]
[2023-02-16 18:38:59] [{'account': '1001 - BANK-DISTRIBUTORS-CANADIAN - WW', 'account_name': 'BMO CAD - Bank of Montreal', 'account_number': '1001', 'account_currency': 'CAD', 'apply_bankers_acceptance': True}, {'account': '1002 - BANK-DISTRIBUTORS-U.S. - WW', 'account_name': 'BMO US', 'account_number': '1002', 'account_currency': 'USD', 'apply_bankers_acceptance': True}, {'account': '1003 - BANK DISTRIBUTORS-HARRIS U.S. - WW', 'account_name': 'Bank Distributors- Harris US', 'account_number': '1003', 'account_currency': 'USD'}, {'account': '1004.6 - BANK -DISTRIBUTORS-CANADIAN (ENDEAVOURS) - WW', 'account_name': 'Bank Endeavours', 'account_number': '1004.6', 'account_currency': 'CAD'}]
[2023-02-16 18:38:59] Updating data for account [1001 - BANK-DISTRIBUTORS-CANADIAN - WW] for the following week ends: ['2023-01-02', '2023-01-03', '2023-01-04', '2023-01-05', '2023-01-06', '2023-01-09', '2023-01-10', '2023-01-11', '2023-01-12', '2023-01-13', '2023-01-16', '2023-01-17', '2023-01-18', '2023-01-19', '2023-01-20', '2023-01-23', '2023-01-24', '2023-01-25', '2023-01-26', '2023-01-27', '2023-01-30', '2023-01-31', '2023-02-01', '2023-02-02', '2023-02-03', '2023-02-06', '2023-02-07', '2023-02-08', '2023-02-09', '2023-02-10', '2023-02-13', '2023-02-14', '2023-02-15']
[2023-02-16 18:39:41] 
[2023-02-16 18:39:41] 
[2023-02-16 18:39:41] *****************************************************************************************
[2023-02-16 18:39:41] ************************************** NEW REPORT ***************************************
[2023-02-16 18:39:41] *****************************************************************************************
[2023-02-16 18:39:41] 
[2023-02-16 18:39:41] 
[2023-02-16 18:39:41] [{'account': '1001 - BANK-DISTRIBUTORS-CANADIAN - WW', 'account_name': 'BMO CAD - Bank of Montreal', 'account_number': '1001', 'account_currency': 'CAD', 'apply_bankers_acceptance': True}, {'account': '1002 - BANK-DISTRIBUTORS-U.S. - WW', 'account_name': 'BMO US', 'account_number': '1002', 'account_currency': 'USD', 'apply_bankers_acceptance': True}, {'account': '1003 - BANK DISTRIBUTORS-HARRIS U.S. - WW', 'account_name': 'Bank Distributors- Harris US', 'account_number': '1003', 'account_currency': 'USD'}, {'account': '1004.6 - BANK -DISTRIBUTORS-CANADIAN (ENDEAVOURS) - WW', 'account_name': 'Bank Endeavours', 'account_number': '1004.6', 'account_currency': 'CAD'}]
[2023-02-16 18:39:42] [{'account': '1001 - BANK-DISTRIBUTORS-CANADIAN - WW', 'account_name': 'BMO CAD - Bank of Montreal', 'account_number': '1001', 'account_currency': 'CAD', 'apply_bankers_acceptance': True}, {'account': '1002 - BANK-DISTRIBUTORS-U.S. - WW', 'account_name': 'BMO US', 'account_number': '1002', 'account_currency': 'USD', 'apply_bankers_acceptance': True}, {'account': '1003 - BANK DISTRIBUTORS-HARRIS U.S. - WW', 'account_name': 'Bank Distributors- Harris US', 'account_number': '1003', 'account_currency': 'USD'}, {'account': '1004.6 - BANK -DISTRIBUTORS-CANADIAN (ENDEAVOURS) - WW', 'account_name': 'Bank Endeavours', 'account_number': '1004.6', 'account_currency': 'CAD'}]
[2023-02-16 18:39:42] Updating data for account [1001 - BANK-DISTRIBUTORS-CANADIAN - WW] for the following week ends: ['2023-01-02', '2023-01-03', '2023-01-04', '2023-01-05', '2023-01-06', '2023-01-09', '2023-01-10', '2023-01-11', '2023-01-12', '2023-01-13', '2023-01-16', '2023-01-17', '2023-01-18', '2023-01-19', '2023-01-20', '2023-01-23', '2023-01-24', '2023-01-25', '2023-01-26', '2023-01-27', '2023-01-30', '2023-01-31', '2023-02-01', '2023-02-02', '2023-02-03', '2023-02-06', '2023-02-07', '2023-02-08', '2023-02-09', '2023-02-10', '2023-02-13', '2023-02-14', '2023-02-15']
[2023-02-16 18:39:45] [{'account': '1001 - BANK-DISTRIBUTORS-CANADIAN - WW', 'account_name': 'BMO CAD - Bank of Montreal', 'account_number': '1001', 'account_currency': 'CAD', 'apply_bankers_acceptance': True}, {'account': '1002 - BANK-DISTRIBUTORS-U.S. - WW', 'account_name': 'BMO US', 'account_number': '1002', 'account_currency': 'USD', 'apply_bankers_acceptance': True}, {'account': '1003 - BANK DISTRIBUTORS-HARRIS U.S. - WW', 'account_name': 'Bank Distributors- Harris US', 'account_number': '1003', 'account_currency': 'USD'}, {'account': '1004.6 - BANK -DISTRIBUTORS-CANADIAN (ENDEAVOURS) - WW', 'account_name': 'Bank Endeavours', 'account_number': '1004.6', 'account_currency': 'CAD'}]
[2023-02-16 18:39:45] Updating data for account [1002 - BANK-DISTRIBUTORS-U.S. - WW] for the following week ends: ['2023-01-02', '2023-01-03', '2023-01-04', '2023-01-05', '2023-01-06', '2023-01-09', '2023-01-10', '2023-01-11', '2023-01-12', '2023-01-13', '2023-01-16', '2023-01-17', '2023-01-18', '2023-01-19', '2023-01-20', '2023-01-23', '2023-01-24', '2023-01-25', '2023-01-26', '2023-01-27', '2023-01-30', '2023-01-31', '2023-02-01', '2023-02-02', '2023-02-03', '2023-02-06', '2023-02-07', '2023-02-08', '2023-02-09', '2023-02-10', '2023-02-13', '2023-02-14', '2023-02-15']
[2023-02-16 18:39:46] [{'account': '1001 - BANK-DISTRIBUTORS-CANADIAN - WW', 'account_name': 'BMO CAD - Bank of Montreal', 'account_number': '1001', 'account_currency': 'CAD', 'apply_bankers_acceptance': True}, {'account': '1002 - BANK-DISTRIBUTORS-U.S. - WW', 'account_name': 'BMO US', 'account_number': '1002', 'account_currency': 'USD', 'apply_bankers_acceptance': True}, {'account': '1003 - BANK DISTRIBUTORS-HARRIS U.S. - WW', 'account_name': 'Bank Distributors- Harris US', 'account_number': '1003', 'account_currency': 'USD'}, {'account': '1004.6 - BANK -DISTRIBUTORS-CANADIAN (ENDEAVOURS) - WW', 'account_name': 'Bank Endeavours', 'account_number': '1004.6', 'account_currency': 'CAD'}]
[2023-02-16 18:39:46] Updating data for account [1003 - BANK DISTRIBUTORS-HARRIS U.S. - WW] for the following week ends: ['2023-01-02', '2023-01-03', '2023-01-04', '2023-01-05', '2023-01-06', '2023-01-09', '2023-01-10', '2023-01-11', '2023-01-12', '2023-01-13', '2023-01-16', '2023-01-17', '2023-01-18', '2023-01-19', '2023-01-20', '2023-01-23', '2023-01-24', '2023-01-25', '2023-01-26', '2023-01-27', '2023-01-30', '2023-01-31', '2023-02-01', '2023-02-02', '2023-02-03', '2023-02-06', '2023-02-07', '2023-02-08', '2023-02-09', '2023-02-10', '2023-02-13', '2023-02-14', '2023-02-15']
[2023-02-16 18:40:55] 
[2023-02-16 18:40:55] 
[2023-02-16 18:40:55] *****************************************************************************************
[2023-02-16 18:40:55] ************************************** NEW REPORT ***************************************
[2023-02-16 18:40:55] *****************************************************************************************
[2023-02-16 18:40:55] 
[2023-02-16 18:40:55] 
[2023-02-16 18:40:55] [{'account': '1001 - BANK-DISTRIBUTORS-CANADIAN - WW', 'account_name': 'BMO CAD - Bank of Montreal', 'account_number': '1001', 'account_currency': 'CAD', 'apply_bankers_acceptance': True}, {'account': '1002 - BANK-DISTRIBUTORS-U.S. - WW', 'account_name': 'BMO US', 'account_number': '1002', 'account_currency': 'USD', 'apply_bankers_acceptance': True}, {'account': '1003 - BANK DISTRIBUTORS-HARRIS U.S. - WW', 'account_name': 'Bank Distributors- Harris US', 'account_number': '1003', 'account_currency': 'USD', 'apply_bankers_acceptance': False}, {'account': '1004.6 - BANK -DISTRIBUTORS-CANADIAN (ENDEAVOURS) - WW', 'account_name': 'Bank Endeavours', 'account_number': '1004.6', 'account_currency': 'CAD', 'apply_bankers_acceptance': False}]
[2023-02-16 18:40:56] [{'account': '1001 - BANK-DISTRIBUTORS-CANADIAN - WW', 'account_name': 'BMO CAD - Bank of Montreal', 'account_number': '1001', 'account_currency': 'CAD', 'apply_bankers_acceptance': True}, {'account': '1002 - BANK-DISTRIBUTORS-U.S. - WW', 'account_name': 'BMO US', 'account_number': '1002', 'account_currency': 'USD', 'apply_bankers_acceptance': True}, {'account': '1003 - BANK DISTRIBUTORS-HARRIS U.S. - WW', 'account_name': 'Bank Distributors- Harris US', 'account_number': '1003', 'account_currency': 'USD', 'apply_bankers_acceptance': False}, {'account': '1004.6 - BANK -DISTRIBUTORS-CANADIAN (ENDEAVOURS) - WW', 'account_name': 'Bank Endeavours', 'account_number': '1004.6', 'account_currency': 'CAD', 'apply_bankers_acceptance': False}]
[2023-02-16 18:40:56] Updating data for account [1001 - BANK-DISTRIBUTORS-CANADIAN - WW] for the following week ends: ['2023-01-02', '2023-01-03', '2023-01-04', '2023-01-05', '2023-01-06', '2023-01-09', '2023-01-10', '2023-01-11', '2023-01-12', '2023-01-13', '2023-01-16', '2023-01-17', '2023-01-18', '2023-01-19', '2023-01-20', '2023-01-23', '2023-01-24', '2023-01-25', '2023-01-26', '2023-01-27', '2023-01-30', '2023-01-31', '2023-02-01', '2023-02-02', '2023-02-03', '2023-02-06', '2023-02-07', '2023-02-08', '2023-02-09', '2023-02-10', '2023-02-13', '2023-02-14', '2023-02-15']
[2023-02-16 18:40:59] [{'account': '1001 - BANK-DISTRIBUTORS-CANADIAN - WW', 'account_name': 'BMO CAD - Bank of Montreal', 'account_number': '1001', 'account_currency': 'CAD', 'apply_bankers_acceptance': True}, {'account': '1002 - BANK-DISTRIBUTORS-U.S. - WW', 'account_name': 'BMO US', 'account_number': '1002', 'account_currency': 'USD', 'apply_bankers_acceptance': True}, {'account': '1003 - BANK DISTRIBUTORS-HARRIS U.S. - WW', 'account_name': 'Bank Distributors- Harris US', 'account_number': '1003', 'account_currency': 'USD', 'apply_bankers_acceptance': False}, {'account': '1004.6 - BANK -DISTRIBUTORS-CANADIAN (ENDEAVOURS) - WW', 'account_name': 'Bank Endeavours', 'account_number': '1004.6', 'account_currency': 'CAD', 'apply_bankers_acceptance': False}]
[2023-02-16 18:40:59] Updating data for account [1002 - BANK-DISTRIBUTORS-U.S. - WW] for the following week ends: ['2023-01-02', '2023-01-03', '2023-01-04', '2023-01-05', '2023-01-06', '2023-01-09', '2023-01-10', '2023-01-11', '2023-01-12', '2023-01-13', '2023-01-16', '2023-01-17', '2023-01-18', '2023-01-19', '2023-01-20', '2023-01-23', '2023-01-24', '2023-01-25', '2023-01-26', '2023-01-27', '2023-01-30', '2023-01-31', '2023-02-01', '2023-02-02', '2023-02-03', '2023-02-06', '2023-02-07', '2023-02-08', '2023-02-09', '2023-02-10', '2023-02-13', '2023-02-14', '2023-02-15']
[2023-02-16 18:40:59] [{'account': '1001 - BANK-DISTRIBUTORS-CANADIAN - WW', 'account_name': 'BMO CAD - Bank of Montreal', 'account_number': '1001', 'account_currency': 'CAD', 'apply_bankers_acceptance': True}, {'account': '1002 - BANK-DISTRIBUTORS-U.S. - WW', 'account_name': 'BMO US', 'account_number': '1002', 'account_currency': 'USD', 'apply_bankers_acceptance': True}, {'account': '1003 - BANK DISTRIBUTORS-HARRIS U.S. - WW', 'account_name': 'Bank Distributors- Harris US', 'account_number': '1003', 'account_currency': 'USD', 'apply_bankers_acceptance': False}, {'account': '1004.6 - BANK -DISTRIBUTORS-CANADIAN (ENDEAVOURS) - WW', 'account_name': 'Bank Endeavours', 'account_number': '1004.6', 'account_currency': 'CAD', 'apply_bankers_acceptance': False}]
[2023-02-16 18:40:59] Updating data for account [1003 - BANK DISTRIBUTORS-HARRIS U.S. - WW] for the following week ends: ['2023-01-02', '2023-01-03', '2023-01-04', '2023-01-05', '2023-01-06', '2023-01-09', '2023-01-10', '2023-01-11', '2023-01-12', '2023-01-13', '2023-01-16', '2023-01-17', '2023-01-18', '2023-01-19', '2023-01-20', '2023-01-23', '2023-01-24', '2023-01-25', '2023-01-26', '2023-01-27', '2023-01-30', '2023-01-31', '2023-02-01', '2023-02-02', '2023-02-03', '2023-02-06', '2023-02-07', '2023-02-08', '2023-02-09', '2023-02-10', '2023-02-13', '2023-02-14', '2023-02-15']
[2023-02-16 18:41:00] [{'account': '1001 - BANK-DISTRIBUTORS-CANADIAN - WW', 'account_name': 'BMO CAD - Bank of Montreal', 'account_number': '1001', 'account_currency': 'CAD', 'apply_bankers_acceptance': True}, {'account': '1002 - BANK-DISTRIBUTORS-U.S. - WW', 'account_name': 'BMO US', 'account_number': '1002', 'account_currency': 'USD', 'apply_bankers_acceptance': True}, {'account': '1003 - BANK DISTRIBUTORS-HARRIS U.S. - WW', 'account_name': 'Bank Distributors- Harris US', 'account_number': '1003', 'account_currency': 'USD', 'apply_bankers_acceptance': False}, {'account': '1004.6 - BANK -DISTRIBUTORS-CANADIAN (ENDEAVOURS) - WW', 'account_name': 'Bank Endeavours', 'account_number': '1004.6', 'account_currency': 'CAD', 'apply_bankers_acceptance': False}]
[2023-02-16 18:41:00] Updating data for account [1004.6 - BANK -DISTRIBUTORS-CANADIAN (ENDEAVOURS) - WW] for the following week ends: ['2023-01-02', '2023-01-03', '2023-01-04', '2023-01-05', '2023-01-06', '2023-01-09', '2023-01-10', '2023-01-11', '2023-01-12', '2023-01-13', '2023-01-16', '2023-01-17', '2023-01-18', '2023-01-19', '2023-01-20', '2023-01-23', '2023-01-24', '2023-01-25', '2023-01-26', '2023-01-27', '2023-01-30', '2023-01-31', '2023-02-01', '2023-02-02', '2023-02-03', '2023-02-06', '2023-02-07', '2023-02-08', '2023-02-09', '2023-02-10', '2023-02-13', '2023-02-14', '2023-02-15']
[2023-02-16 18:42:57] 
[2023-02-16 18:42:57] 
[2023-02-16 18:42:57] *****************************************************************************************
[2023-02-16 18:42:57] ************************************** NEW REPORT ***************************************
[2023-02-16 18:42:57] *****************************************************************************************
[2023-02-16 18:42:57] 
[2023-02-16 18:42:57] 
[2023-02-16 18:42:57] [{'account': '1001 - BANK-DISTRIBUTORS-CANADIAN - WW', 'account_name': 'BMO CAD - Bank of Montreal', 'account_number': '1001', 'account_currency': 'CAD', 'apply_bankers_acceptance': True}, {'account': '1002 - BANK-DISTRIBUTORS-U.S. - WW', 'account_name': 'BMO US', 'account_number': '1002', 'account_currency': 'USD', 'apply_bankers_acceptance': True}, {'account': '1003 - BANK DISTRIBUTORS-HARRIS U.S. - WW', 'account_name': 'Bank Distributors- Harris US', 'account_number': '1003', 'account_currency': 'USD', 'apply_bankers_acceptance': False}, {'account': '1004.6 - BANK -DISTRIBUTORS-CANADIAN (ENDEAVOURS) - WW', 'account_name': 'Bank Endeavours', 'account_number': '1004.6', 'account_currency': 'CAD', 'apply_bankers_acceptance': False}]
[2023-02-16 18:42:58] [{'account': '1001 - BANK-DISTRIBUTORS-CANADIAN - WW', 'account_name': 'BMO CAD - Bank of Montreal', 'account_number': '1001', 'account_currency': 'CAD', 'apply_bankers_acceptance': True}, {'account': '1002 - BANK-DISTRIBUTORS-U.S. - WW', 'account_name': 'BMO US', 'account_number': '1002', 'account_currency': 'USD', 'apply_bankers_acceptance': True}, {'account': '1003 - BANK DISTRIBUTORS-HARRIS U.S. - WW', 'account_name': 'Bank Distributors- Harris US', 'account_number': '1003', 'account_currency': 'USD', 'apply_bankers_acceptance': False}, {'account': '1004.6 - BANK -DISTRIBUTORS-CANADIAN (ENDEAVOURS) - WW', 'account_name': 'Bank Endeavours', 'account_number': '1004.6', 'account_currency': 'CAD', 'apply_bankers_acceptance': False}]
[2023-02-16 18:42:58] Updating data for account [1001 - BANK-DISTRIBUTORS-CANADIAN - WW] for the following week ends: ['2022-08-01', '2022-08-02', '2022-08-03', '2022-08-04', '2022-08-05', '2022-08-08', '2022-08-09', '2022-08-10', '2022-08-11', '2022-08-12', '2022-08-15', '2022-08-16', '2022-08-17', '2022-08-18', '2022-08-19', '2022-08-22', '2022-08-23', '2022-08-24', '2022-08-25', '2022-08-26', '2022-08-29', '2022-08-30', '2022-08-31', '2022-09-01', '2022-09-02', '2022-09-05', '2022-09-06', '2022-09-07', '2022-09-08', '2022-09-09', '2022-09-12', '2022-09-13', '2022-09-14', '2022-09-15', '2022-09-16', '2022-09-19', '2022-09-20', '2022-09-21', '2022-09-22', '2022-09-23', '2022-09-26', '2022-09-27', '2022-09-28', '2022-09-29', '2022-09-30', '2022-10-03', '2022-10-04', '2022-10-05', '2022-10-06', '2022-10-07', '2022-10-10', '2022-10-11', '2022-10-12', '2022-10-13', '2022-10-14', '2022-10-17', '2022-10-18', '2022-10-19', '2022-10-20', '2022-10-21', '2022-10-24', '2022-10-25', '2022-10-26', '2022-10-27', '2022-10-28', '2022-10-31', '2022-11-01', '2022-11-02', '2022-11-03', '2022-11-04', '2022-11-07', '2022-11-08', '2022-11-09', '2022-11-10', '2022-11-11', '2022-11-14', '2022-11-15', '2022-11-16', '2022-11-17', '2022-11-18', '2022-11-21', '2022-11-22', '2022-11-23', '2022-11-24', '2022-11-25', '2022-11-28', '2022-11-29', '2022-11-30', '2022-12-01', '2022-12-02', '2022-12-05', '2022-12-06', '2022-12-07', '2022-12-08', '2022-12-09', '2022-12-12', '2022-12-13', '2022-12-14', '2022-12-15', '2022-12-16', '2022-12-19', '2022-12-20', '2022-12-21', '2022-12-22', '2022-12-23', '2022-12-26', '2022-12-27', '2022-12-28', '2022-12-29', '2022-12-30', '2023-01-02', '2023-01-03', '2023-01-04', '2023-01-05', '2023-01-06', '2023-01-09', '2023-01-10', '2023-01-11', '2023-01-12', '2023-01-13', '2023-01-16', '2023-01-17', '2023-01-18', '2023-01-19', '2023-01-20', '2023-01-23', '2023-01-24', '2023-01-25', '2023-01-26', '2023-01-27', '2023-01-30', '2023-01-31', '2023-02-01', '2023-02-02', '2023-02-03', '2023-02-06', '2023-02-07', '2023-02-08', '2023-02-09', '2023-02-10', '2023-02-13', '2023-02-14', '2023-02-15']
[2023-02-16 18:43:49] 
[2023-02-16 18:43:49] 
[2023-02-16 18:43:49] *****************************************************************************************
[2023-02-16 18:43:49] ************************************** NEW REPORT ***************************************
[2023-02-16 18:43:49] *****************************************************************************************
[2023-02-16 18:43:49] 
[2023-02-16 18:43:49] 
[2023-02-16 18:43:49] [{'account': '1001 - BANK-DISTRIBUTORS-CANADIAN - WW', 'account_name': 'BMO CAD - Bank of Montreal', 'account_number': '1001', 'account_currency': 'CAD', 'apply_bankers_acceptance': True}, {'account': '1002 - BANK-DISTRIBUTORS-U.S. - WW', 'account_name': 'BMO US', 'account_number': '1002', 'account_currency': 'USD', 'apply_bankers_acceptance': True}, {'account': '1003 - BANK DISTRIBUTORS-HARRIS U.S. - WW', 'account_name': 'Bank Distributors- Harris US', 'account_number': '1003', 'account_currency': 'USD', 'apply_bankers_acceptance': False}, {'account': '1004.6 - BANK -DISTRIBUTORS-CANADIAN (ENDEAVOURS) - WW', 'account_name': 'Bank Endeavours', 'account_number': '1004.6', 'account_currency': 'CAD', 'apply_bankers_acceptance': False}]
[2023-02-16 18:43:50] [{'account': '1001 - BANK-DISTRIBUTORS-CANADIAN - WW', 'account_name': 'BMO CAD - Bank of Montreal', 'account_number': '1001', 'account_currency': 'CAD', 'apply_bankers_acceptance': True}, {'account': '1002 - BANK-DISTRIBUTORS-U.S. - WW', 'account_name': 'BMO US', 'account_number': '1002', 'account_currency': 'USD', 'apply_bankers_acceptance': True}, {'account': '1003 - BANK DISTRIBUTORS-HARRIS U.S. - WW', 'account_name': 'Bank Distributors- Harris US', 'account_number': '1003', 'account_currency': 'USD', 'apply_bankers_acceptance': False}, {'account': '1004.6 - BANK -DISTRIBUTORS-CANADIAN (ENDEAVOURS) - WW', 'account_name': 'Bank Endeavours', 'account_number': '1004.6', 'account_currency': 'CAD', 'apply_bankers_acceptance': False}]
[2023-02-16 18:43:50] Updating data for account [1001 - BANK-DISTRIBUTORS-CANADIAN - WW] for the following week ends: ['2022-08-01', '2022-08-02', '2022-08-03', '2022-08-04', '2022-08-05', '2022-08-08', '2022-08-09', '2022-08-10', '2022-08-11', '2022-08-12', '2022-08-15', '2022-08-16', '2022-08-17', '2022-08-18', '2022-08-19', '2022-08-22', '2022-08-23', '2022-08-24', '2022-08-25', '2022-08-26', '2022-08-29', '2022-08-30', '2022-08-31', '2022-09-01', '2022-09-02', '2022-09-05', '2022-09-06', '2022-09-07', '2022-09-08', '2022-09-09', '2022-09-12', '2022-09-13', '2022-09-14', '2022-09-15', '2022-09-16', '2022-09-19', '2022-09-20', '2022-09-21', '2022-09-22', '2022-09-23', '2022-09-26', '2022-09-27', '2022-09-28', '2022-09-29', '2022-09-30', '2022-10-03', '2022-10-04', '2022-10-05', '2022-10-06', '2022-10-07', '2022-10-10', '2022-10-11', '2022-10-12', '2022-10-13', '2022-10-14', '2022-10-17', '2022-10-18', '2022-10-19', '2022-10-20', '2022-10-21', '2022-10-24', '2022-10-25', '2022-10-26', '2022-10-27', '2022-10-28', '2022-10-31', '2022-11-01', '2022-11-02', '2022-11-03', '2022-11-04', '2022-11-07', '2022-11-08', '2022-11-09', '2022-11-10', '2022-11-11', '2022-11-14', '2022-11-15', '2022-11-16', '2022-11-17', '2022-11-18', '2022-11-21', '2022-11-22', '2022-11-23', '2022-11-24', '2022-11-25', '2022-11-28', '2022-11-29', '2022-11-30', '2022-12-01', '2022-12-02', '2022-12-05', '2022-12-06', '2022-12-07', '2022-12-08', '2022-12-09', '2022-12-12', '2022-12-13', '2022-12-14', '2022-12-15', '2022-12-16', '2022-12-19', '2022-12-20', '2022-12-21', '2022-12-22', '2022-12-23', '2022-12-26', '2022-12-27', '2022-12-28', '2022-12-29', '2022-12-30', '2023-01-02', '2023-01-03', '2023-01-04', '2023-01-05', '2023-01-06', '2023-01-09', '2023-01-10', '2023-01-11', '2023-01-12', '2023-01-13', '2023-01-16', '2023-01-17', '2023-01-18', '2023-01-19', '2023-01-20', '2023-01-23', '2023-01-24', '2023-01-25', '2023-01-26', '2023-01-27', '2023-01-30', '2023-01-31', '2023-02-01', '2023-02-02', '2023-02-03', '2023-02-06', '2023-02-07', '2023-02-08', '2023-02-09', '2023-02-10', '2023-02-13', '2023-02-14', '2023-02-15']
[2023-02-16 18:43:56] [{'account': '1001 - BANK-DISTRIBUTORS-CANADIAN - WW', 'account_name': 'BMO CAD - Bank of Montreal', 'account_number': '1001', 'account_currency': 'CAD', 'apply_bankers_acceptance': True}, {'account': '1002 - BANK-DISTRIBUTORS-U.S. - WW', 'account_name': 'BMO US', 'account_number': '1002', 'account_currency': 'USD', 'apply_bankers_acceptance': True}, {'account': '1003 - BANK DISTRIBUTORS-HARRIS U.S. - WW', 'account_name': 'Bank Distributors- Harris US', 'account_number': '1003', 'account_currency': 'USD', 'apply_bankers_acceptance': False}, {'account': '1004.6 - BANK -DISTRIBUTORS-CANADIAN (ENDEAVOURS) - WW', 'account_name': 'Bank Endeavours', 'account_number': '1004.6', 'account_currency': 'CAD', 'apply_bankers_acceptance': False}]
[2023-02-16 18:43:56] Updating data for account [1002 - BANK-DISTRIBUTORS-U.S. - WW] for the following week ends: ['2022-08-01', '2022-08-02', '2022-08-03', '2022-08-04', '2022-08-05', '2022-08-08', '2022-08-09', '2022-08-10', '2022-08-11', '2022-08-12', '2022-08-15', '2022-08-16', '2022-08-17', '2022-08-18', '2022-08-19', '2022-08-22', '2022-08-23', '2022-08-24', '2022-08-25', '2022-08-26', '2022-08-29', '2022-08-30', '2022-08-31', '2022-09-01', '2022-09-02', '2022-09-05', '2022-09-06', '2022-09-07', '2022-09-08', '2022-09-09', '2022-09-12', '2022-09-13', '2022-09-14', '2022-09-15', '2022-09-16', '2022-09-19', '2022-09-20', '2022-09-21', '2022-09-22', '2022-09-23', '2022-09-26', '2022-09-27', '2022-09-28', '2022-09-29', '2022-09-30', '2022-10-03', '2022-10-04', '2022-10-05', '2022-10-06', '2022-10-07', '2022-10-10', '2022-10-11', '2022-10-12', '2022-10-13', '2022-10-14', '2022-10-17', '2022-10-18', '2023-01-02', '2023-01-03', '2023-01-04', '2023-01-05', '2023-01-06', '2023-01-09', '2023-01-10', '2023-01-11', '2023-01-12', '2023-01-13', '2023-01-16', '2023-01-17', '2023-01-18', '2023-01-19', '2023-01-20', '2023-01-23', '2023-01-24', '2023-01-25', '2023-01-26', '2023-01-27', '2023-01-30', '2023-01-31', '2023-02-01', '2023-02-02', '2023-02-03', '2023-02-06', '2023-02-07', '2023-02-08', '2023-02-09', '2023-02-10', '2023-02-13', '2023-02-14', '2023-02-15']
[2023-02-16 18:43:57] [{'account': '1001 - BANK-DISTRIBUTORS-CANADIAN - WW', 'account_name': 'BMO CAD - Bank of Montreal', 'account_number': '1001', 'account_currency': 'CAD', 'apply_bankers_acceptance': True}, {'account': '1002 - BANK-DISTRIBUTORS-U.S. - WW', 'account_name': 'BMO US', 'account_number': '1002', 'account_currency': 'USD', 'apply_bankers_acceptance': True}, {'account': '1003 - BANK DISTRIBUTORS-HARRIS U.S. - WW', 'account_name': 'Bank Distributors- Harris US', 'account_number': '1003', 'account_currency': 'USD', 'apply_bankers_acceptance': False}, {'account': '1004.6 - BANK -DISTRIBUTORS-CANADIAN (ENDEAVOURS) - WW', 'account_name': 'Bank Endeavours', 'account_number': '1004.6', 'account_currency': 'CAD', 'apply_bankers_acceptance': False}]
[2023-02-16 18:43:57] Updating data for account [1003 - BANK DISTRIBUTORS-HARRIS U.S. - WW] for the following week ends: ['2023-01-02', '2023-01-03', '2023-01-04', '2023-01-05', '2023-01-06', '2023-01-09', '2023-01-10', '2023-01-11', '2023-01-12', '2023-01-13', '2023-01-16', '2023-01-17', '2023-01-18', '2023-01-19', '2023-01-20', '2023-01-23', '2023-01-24', '2023-01-25', '2023-01-26', '2023-01-27', '2023-01-30', '2023-01-31', '2023-02-01', '2023-02-02', '2023-02-03', '2023-02-06', '2023-02-07', '2023-02-08', '2023-02-09', '2023-02-10', '2023-02-13', '2023-02-14', '2023-02-15']
[2023-02-16 18:43:57] [{'account': '1001 - BANK-DISTRIBUTORS-CANADIAN - WW', 'account_name': 'BMO CAD - Bank of Montreal', 'account_number': '1001', 'account_currency': 'CAD', 'apply_bankers_acceptance': True}, {'account': '1002 - BANK-DISTRIBUTORS-U.S. - WW', 'account_name': 'BMO US', 'account_number': '1002', 'account_currency': 'USD', 'apply_bankers_acceptance': True}, {'account': '1003 - BANK DISTRIBUTORS-HARRIS U.S. - WW', 'account_name': 'Bank Distributors- Harris US', 'account_number': '1003', 'account_currency': 'USD', 'apply_bankers_acceptance': False}, {'account': '1004.6 - BANK -DISTRIBUTORS-CANADIAN (ENDEAVOURS) - WW', 'account_name': 'Bank Endeavours', 'account_number': '1004.6', 'account_currency': 'CAD', 'apply_bankers_acceptance': False}]
[2023-02-16 18:43:57] Updating data for account [1004.6 - BANK -DISTRIBUTORS-CANADIAN (ENDEAVOURS) - WW] for the following week ends: ['2023-01-02', '2023-01-03', '2023-01-04', '2023-01-05', '2023-01-06', '2023-01-09', '2023-01-10', '2023-01-11', '2023-01-12', '2023-01-13', '2023-01-16', '2023-01-17', '2023-01-18', '2023-01-19', '2023-01-20', '2023-01-23', '2023-01-24', '2023-01-25', '2023-01-26', '2023-01-27', '2023-01-30', '2023-01-31', '2023-02-01', '2023-02-02', '2023-02-03', '2023-02-06', '2023-02-07', '2023-02-08', '2023-02-09', '2023-02-10', '2023-02-13', '2023-02-14', '2023-02-15']
